Line 158: Class MSDataGridLib.DataGrid of control DataGrid1 was not a loaded control class.
Line 223: Class MSAdodcLib.Adodc of control Adodc1 was not a loaded control class.
Line 159: The property name Bindings in DataGrid1 is invalid.
Line 165: The property name _ExtentX in DataGrid1 is invalid.
Line 166: The property name _ExtentY in DataGrid1 is invalid.
Line 167: The property name _Version in DataGrid1 is invalid.
Line 168: The property name HeadLines in DataGrid1 is invalid.
Line 169: The property name RowHeight in DataGrid1 is invalid.
Line 178: The property name HeadFont in DataGrid1 is invalid.
Line 188: The property name ColumnCount in DataGrid1 is invalid.
Line 201: The property name Column00 in DataGrid1 is invalid.
Line 214: The property name Column01 in DataGrid1 is invalid.
Line 215: The property name SplitCount in DataGrid1 is invalid.
Line 221: The property name Split0 in DataGrid1 is invalid.
Line 229: The property name _ExtentX in Adodc1 is invalid.
Line 230: The property name _ExtentY in Adodc1 is invalid.
Line 231: The property name ConnectMode in Adodc1 is invalid.
Line 232: The property name CursorLocation in Adodc1 is invalid.
Line 233: The property name IsolationLevel in Adodc1 is invalid.
Line 234: The property name ConnectionTimeout in Adodc1 is invalid.
Line 235: The property name CommandTimeout in Adodc1 is invalid.
Line 236: The property name CursorType in Adodc1 is invalid.
Line 237: The property name LockType in Adodc1 is invalid.
Line 238: The property name CommandType in Adodc1 is invalid.
Line 239: The property name CursorOptions in Adodc1 is invalid.
Line 240: The property name CacheSize in Adodc1 is invalid.
Line 241: The property name MaxRecords in Adodc1 is invalid.
Line 242: The property name BOFAction in Adodc1 is invalid.
Line 243: The property name EOFAction in Adodc1 is invalid.
Line 244: The property name ConnectStringType in Adodc1 is invalid.
Line 248: The property name Orientation in Adodc1 is invalid.
Line 250: The property name Connect in Adodc1 is invalid.
Line 251: The property name OLEDBString in Adodc1 is invalid.
Line 252: The property name OLEDBFile in Adodc1 is invalid.
Line 253: The property name DataSourceName in Adodc1 is invalid.
Line 254: The property name OtherAttributes in Adodc1 is invalid.
Line 255: The property name UserName in Adodc1 is invalid.
Line 256: The property name Password in Adodc1 is invalid.
Line 257: The property name RecordSource in Adodc1 is invalid.
Line 258: The property name Caption in Adodc1 is invalid.
Line 268: The property name _Version in Adodc1 is invalid.
