Line 45: Class MSDataGridLib.DataGrid of control DataGrid1 was not a loaded control class.
Line 51: The property name _ExtentX in DataGrid1 is invalid.
Line 52: The property name _ExtentY in DataGrid1 is invalid.
Line 53: The property name _Version in DataGrid1 is invalid.
Line 54: The property name HeadLines in DataGrid1 is invalid.
Line 55: The property name RowHeight in DataGrid1 is invalid.
Line 64: The property name HeadFont in DataGrid1 is invalid.
Line 74: The property name ColumnCount in DataGrid1 is invalid.
Line 87: The property name Column00 in DataGrid1 is invalid.
Line 100: The property name Column01 in DataGrid1 is invalid.
Line 101: The property name SplitCount in DataGrid1 is invalid.
Line 107: The property name Split0 in DataGrid1 is invalid.
Line 51: The property name _ExtentX in DataGrid1 is invalid.
Line 52: The property name _ExtentY in DataGrid1 is invalid.
Line 53: The property name _Version in DataGrid1 is invalid.
Line 54: The property name HeadLines in DataGrid1 is invalid.
Line 55: The property name RowHeight in DataGrid1 is invalid.
Line 64: The property name HeadFont in DataGrid1 is invalid.
Line 74: The property name ColumnCount in DataGrid1 is invalid.
Line 87: The property name Column00 in DataGrid1 is invalid.
Line 100: The property name Column01 in DataGrid1 is invalid.
Line 101: The property name SplitCount in DataGrid1 is invalid.
Line 107: The property name Split0 in DataGrid1 is invalid.
